<?xml version="1.0" encoding="UTF-8"?>
<!-- Generated by org.testng.reporters.JUnitReportReporter -->
<testsuite skipped="0" hostname="PC16095" name="Test.loginTest" tests="1" failures="0" timestamp="3 Jul 2019 03:50:41 GMT" time="37.350" errors="0">
  <testcase name="LoginTestFunction" time="37.350" classname="Test.loginTest"/>
</testsuite> <!-- Test.loginTest -->
